c:\users\user\desktop\projekt\2048\2048\x64\debug\vc143.pdb
c:\users\user\desktop\projekt\2048\2048\x64\debug\vc143.idb
c:\users\user\desktop\projekt\2048\2048\x64\debug\win32_platform.obj
c:\users\user\desktop\projekt\2048\2048\x64\debug\platform_common.obj
c:\users\user\desktop\projekt\2048\x64\debug\2048.exe
c:\users\user\desktop\projekt\2048\2048\x64\debug\2048.ilk
c:\users\user\desktop\projekt\2048\x64\debug\2048.pdb
d:\projekt\2048\2048\x64\debug\platform_common.obj
d:\projekt\2048\2048\x64\debug\win32_platform.obj
d:\projekt\2048\2048\x64\debug\2048.ilk
d:\projekt\2048\2048\x64\debug\vc143.idb
d:\projekt\2048\2048\x64\debug\vc143.pdb
d:\projekt\2048\x64\debug\2048.pdb
d:\projekt\2048\x64\debug\2048.exe
d:\projekt\2048\2048\x64\debug\2048.tlog\cl.command.1.tlog
d:\projekt\2048\2048\x64\debug\2048.tlog\cl.read.1.tlog
d:\projekt\2048\2048\x64\debug\2048.tlog\cl.write.1.tlog
d:\projekt\2048\2048\x64\debug\2048.tlog\link.command.1.tlog
d:\projekt\2048\2048\x64\debug\2048.tlog\link.read.1.tlog
d:\projekt\2048\2048\x64\debug\2048.tlog\link.write.1.tlog
d:\projekt\2048\2048\x64\debug\2048.tlog\rc.command.1.tlog
d:\projekt\2048\2048\x64\debug\2048.tlog\rc.read.1.tlog
d:\projekt\2048\2048\x64\debug\2048.tlog\rc.write.1.tlog
